Flow report for TermProject
Wed Jul 06 14:13:57 2022
Quartus II 64-Bit Version 13.1.0 Build 162 10/23/2013 SJ Web Edition


---------------------
; Table of Contents ;
---------------------
  1. Legal Notice
  2. Flow Summary
  3. Flow Settings
  4. Flow Non-Default Global Settings
  5. Flow Elapsed Time
  6. Flow OS Summary
  7. Flow Log
  8. Flow Messages
  9. Flow Suppressed Messages



----------------
; Legal Notice ;
----------------
Copyright (C) 1991-2013 Altera Corporation
Your use of Altera Corporation's design tools, logic functions 
and other software and tools, and its AMPP partner logic 
functions, and any output files from any of the foregoing 
(including device programming or simulation files), and any 
associated documentation or information are expressly subject 
to the terms and conditions of the Altera Program License 
Subscription Agreement, Altera MegaCore Function License 
Agreement, or other applicable license agreement, including, 
without limitation, that your use is for the sole purpose of 
programming logic devices manufactured by Altera and sold by 
Altera or its authorized distributors.  Please refer to the 
applicable agreement for further details.



+------------------------------------------------------------------------------+
; Flow Summary                                                                 ;
+---------------------------------+--------------------------------------------+
; Flow Status                     ; Successful - Wed Jul 06 14:13:57 2022      ;
; Quartus II 64-Bit Version       ; 13.1.0 Build 162 10/23/2013 SJ Web Edition ;
; Revision Name                   ; TermProject                                ;
; Top-level Entity Name           ; print                                      ;
; Family                          ; Cyclone V                                  ;
; Device                          ; 5CSEMA5F31C6                               ;
; Timing Models                   ; Preliminary                                ;
; Logic utilization (in ALMs)     ; 15,303 / 32,070 ( 48 % )                   ;
; Total registers                 ; 336                                        ;
; Total pins                      ; 34 / 457 ( 7 % )                           ;
; Total virtual pins              ; 0                                          ;
; Total block memory bits         ; 0 / 4,065,280 ( 0 % )                      ;
; Total DSP Blocks                ; 2 / 87 ( 2 % )                             ;
; Total HSSI RX PCSs              ; 0                                          ;
; Total HSSI PMA RX Deserializers ; 0                                          ;
; Total HSSI TX PCSs              ; 0                                          ;
; Total HSSI TX Channels          ; 0                                          ;
; Total PLLs                      ; 0 / 6 ( 0 % )                              ;
; Total DLLs                      ; 0 / 4 ( 0 % )                              ;
+---------------------------------+--------------------------------------------+


+-----------------------------------------+
; Flow Settings                           ;
+-------------------+---------------------+
; Option            ; Setting             ;
+-------------------+---------------------+
; Start date & time ; 07/06/2022 13:45:32 ;
; Main task         ; Compilation         ;
; Revision Name     ; TermProject         ;
+-------------------+---------------------+


+-----------------------------------------------------------------------------------------------------------------------------------------------------+
; Flow Non-Default Global Settings                                                                                                                    ;
+-------------------------------------+-----------------------------------------------------------+--------------------+-------------+----------------+
; Assignment Name                     ; Value                                                     ; Default Value      ; Entity Name ; Section Id     ;
+-------------------------------------+-----------------------------------------------------------+--------------------+-------------+----------------+
; COMPILER_SIGNATURE_ID               ; 186424934287.165710433217196                              ; --                 ; --          ; --             ;
; EDA_GENERATE_FUNCTIONAL_NETLIST     ; On                                                        ; --                 ; --          ; eda_simulation ;
; EDA_NETLIST_WRITER_OUTPUT_DIR       ; C:/Users/AferOlkay/Desktop/EE314-Project/simulation/qsim/ ; --                 ; --          ; eda_simulation ;
; EDA_OUTPUT_DATA_FORMAT              ; Verilog Hdl                                               ; --                 ; --          ; eda_simulation ;
; EDA_SIMULATION_TOOL                 ; ModelSim-Altera (Verilog)                                 ; <None>             ; --          ; --             ;
; MAX_CORE_JUNCTION_TEMP              ; 85                                                        ; --                 ; --          ; --             ;
; MIN_CORE_JUNCTION_TEMP              ; 0                                                         ; --                 ; --          ; --             ;
; OPTIMIZE_POWER_DURING_FITTING       ; Off                                                       ; Normal compilation ; --          ; --             ;
; PARTITION_COLOR                     ; 16764057                                                  ; --                 ; print       ; Top            ;
; PARTITION_FITTER_PRESERVATION_LEVEL ; PLACEMENT_AND_ROUTING                                     ; --                 ; print       ; Top            ;
; PARTITION_NETLIST_TYPE              ; SOURCE                                                    ; --                 ; print       ; Top            ;
; POWER_BOARD_THERMAL_MODEL           ; None (CONSERVATIVE)                                       ; --                 ; --          ; --             ;
; POWER_PRESET_COOLING_SOLUTION       ; 23 MM HEAT SINK WITH 200 LFPM AIRFLOW                     ; --                 ; --          ; --             ;
; PROJECT_OUTPUT_DIRECTORY            ; output_files                                              ; --                 ; --          ; --             ;
; TOP_LEVEL_ENTITY                    ; print                                                     ; TermProject        ; --          ; --             ;
+-------------------------------------+-----------------------------------------------------------+--------------------+-------------+----------------+


+-------------------------------------------------------------------------------------------------------------------------------+
; Flow Elapsed Time                                                                                                             ;
+---------------------------+--------------+-------------------------+---------------------+------------------------------------+
; Module Name               ; Elapsed Time ; Average Processors Used ; Peak Virtual Memory ; Total CPU Time (on all processors) ;
+---------------------------+--------------+-------------------------+---------------------+------------------------------------+
; Analysis & Synthesis      ; 00:21:48     ; 1.0                     ; 5151 MB             ; 00:21:46                           ;
; Fitter                    ; 00:05:29     ; 4.3                     ; 6410 MB             ; 00:08:14                           ;
; Assembler                 ; 00:00:21     ; 1.0                     ; 4924 MB             ; 00:00:19                           ;
; TimeQuest Timing Analyzer ; 00:00:25     ; 3.3                     ; 5282 MB             ; 00:01:21                           ;
; EDA Netlist Writer        ; 00:00:09     ; 1.0                     ; 4846 MB             ; 00:00:09                           ;
; Total                     ; 00:28:12     ; --                      ; --                  ; 00:31:49                           ;
+---------------------------+--------------+-------------------------+---------------------+------------------------------------+


+----------------------------------------------------------------------------------------+
; Flow OS Summary                                                                        ;
+---------------------------+------------------+-----------+------------+----------------+
; Module Name               ; Machine Hostname ; OS Name   ; OS Version ; Processor type ;
+---------------------------+------------------+-----------+------------+----------------+
; Analysis & Synthesis      ; DESKTOP-VKMBH26  ; Windows 7 ; 6.2        ; x86_64         ;
; Fitter                    ; DESKTOP-VKMBH26  ; Windows 7 ; 6.2        ; x86_64         ;
; Assembler                 ; DESKTOP-VKMBH26  ; Windows 7 ; 6.2        ; x86_64         ;
; TimeQuest Timing Analyzer ; DESKTOP-VKMBH26  ; Windows 7 ; 6.2        ; x86_64         ;
; EDA Netlist Writer        ; DESKTOP-VKMBH26  ; Windows 7 ; 6.2        ; x86_64         ;
+---------------------------+------------------+-----------+------------+----------------+


------------
; Flow Log ;
------------
quartus_map --read_settings_files=on --write_settings_files=off TermProject -c TermProject
quartus_fit --read_settings_files=off --write_settings_files=off TermProject -c TermProject
quartus_asm --read_settings_files=off --write_settings_files=off TermProject -c TermProject
quartus_sta TermProject -c TermProject
quartus_eda --read_settings_files=off --write_settings_files=off TermProject -c TermProject



